Using pre-set license
Built from '2021.3/staging' branch; Version is '2021.3.15f1 (e8e88683f834) revision 15263878'; Using compiler version '192829333'; Build Type 'Release'
OS: 'Windows 10  (10.0.19045) 64bit Core' Language: 'es' Physical Memory: 16330 MB
BatchMode: 1, IsHumanControllingUs: 0, StartBugReporterOnCrash: 0, Is64bit: 1, IsPro: 1

COMMAND LINE ARGUMENTS:
E:\Proyectos Unity\2021.3.15f1\Editor\Unity.exe
-adb2
-batchMode
-noUpm
-name
AssetImportWorker0
-projectPath
E:/4 Carrera/TFG/LOST_TIME_MEMORY/TFG_Lost_Time_Memory/TFG_Lost_Time_Memory
-logFile
Logs/AssetImportWorker0.log
-srvPort
64142
Successfully changed project path to: E:/4 Carrera/TFG/LOST_TIME_MEMORY/TFG_Lost_Time_Memory/TFG_Lost_Time_Memory
E:/4 Carrera/TFG/LOST_TIME_MEMORY/TFG_Lost_Time_Memory/TFG_Lost_Time_Memory
[UnityMemory] Configuration Parameters - Can be set up in boot.config
    "memorysetup-bucket-allocator-granularity=16"
    "memorysetup-bucket-allocator-bucket-count=8"
    "memorysetup-bucket-allocator-block-size=33554432"
    "memorysetup-bucket-allocator-block-count=8"
    "memorysetup-main-allocator-block-size=16777216"
    "memorysetup-thread-allocator-block-size=16777216"
    "memorysetup-gfx-main-allocator-block-size=16777216"
    "memorysetup-gfx-thread-allocator-block-size=16777216"
    "memorysetup-cache-allocator-block-size=4194304"
    "memorysetup-typetree-allocator-block-size=2097152"
    "memorysetup-profiler-bucket-allocator-granularity=16"
    "memorysetup-profiler-bucket-allocator-bucket-count=8"
    "memorysetup-profiler-bucket-allocator-block-size=33554432"
    "memorysetup-profiler-bucket-allocator-block-count=8"
    "memorysetup-profiler-allocator-block-size=16777216"
    "memorysetup-profiler-editor-allocator-block-size=1048576"
    "memorysetup-temp-allocator-size-main=16777216"
    "memorysetup-job-temp-allocator-block-size=2097152"
    "memorysetup-job-temp-allocator-block-size-background=1048576"
    "memorysetup-job-temp-allocator-reduction-small-platforms=262144"
    "memorysetup-temp-allocator-size-background-worker=32768"
    "memorysetup-temp-allocator-size-job-worker=262144"
    "memorysetup-temp-allocator-size-preload-manager=33554432"
    "memorysetup-temp-allocator-size-nav-mesh-worker=65536"
    "memorysetup-temp-allocator-size-audio-worker=65536"
    "memorysetup-temp-allocator-size-cloud-worker=32768"
    "memorysetup-temp-allocator-size-gi-baking-worker=262144"
    "memorysetup-temp-allocator-size-gfx=262144"
Player connection [17920] Host "[IP] 169.254.195.160 [Port] 0 [Flags] 2 [Guid] 35755850 [EditorId] 35755850 [Version] 1048832 [Id] WindowsEditor(7,DESKTOP-2583QGM) [Debug] 1 [PackageName] WindowsEditor [ProjectName] Editor" joined multi-casting on [225.0.0.222:54997]...

Player connection [17920] Host "[IP] 169.254.195.160 [Port] 0 [Flags] 2 [Guid] 35755850 [EditorId] 35755850 [Version] 1048832 [Id] WindowsEditor(7,DESKTOP-2583QGM) [Debug] 1 [PackageName] WindowsEditor [ProjectName] Editor" joined alternative multi-casting on [225.0.0.222:34997]...

Refreshing native plugins compatible for Editor in 75.49 ms, found 3 plugins.
Preloading 0 native plugins for Editor in 0.00 ms.
Initialize engine version: 2021.3.15f1 (e8e88683f834)
[Subsystems] Discovering subsystems at path E:/Proyectos Unity/2021.3.15f1/Editor/Data/Resources/UnitySubsystems
[Subsystems] Discovering subsystems at path E:/4 Carrera/TFG/LOST_TIME_MEMORY/TFG_Lost_Time_Memory/TFG_Lost_Time_Memory/Assets
GfxDevice: creating device client; threaded=0; jobified=0
Direct3D:
    Version:  Direct3D 11.0 [level 11.1]
    Renderer: NVIDIA GeForce GTX 1070 (ID=0x1b81)
    Vendor:   NVIDIA
    VRAM:     8088 MB
    Driver:   31.0.15.1694
Initialize mono
Mono path[0] = 'E:/Proyectos Unity/2021.3.15f1/Editor/Data/Managed'
Mono path[1] = 'E:/Proyectos Unity/2021.3.15f1/Editor/Data/MonoBleedingEdge/lib/mono/unityjit-win32'
Mono config path = 'E:/Proyectos Unity/2021.3.15f1/Editor/Data/MonoBleedingEdge/etc'
Using monoOptions --debugger-agent=transport=dt_socket,embedding=1,server=y,suspend=n,address=127.0.0.1:56604
Begin MonoManager ReloadAssembly
Registering precompiled unity dll's ...
Register platform support module: E:/Proyectos Unity/2021.3.15f1/Editor/Data/PlaybackEngines/WebGLSupport/UnityEditor.WebGL.Extensions.dll
Register platform support module: E:/Proyectos Unity/2021.3.15f1/Editor/Data/PlaybackEngines/AndroidPlayer/UnityEditor.Android.Extensions.dll
Register platform support module: E:/Proyectos Unity/2021.3.15f1/Editor/Data/PlaybackEngines/WindowsStandaloneSupport/UnityEditor.WindowsStandalone.Extensions.dll
Registered in 0.004609 seconds.
Native extension for WindowsStandalone target not found
Native extension for Android target not found
Native extension for WebGL target not found
Refreshing native plugins compatible for Editor in 73.70 ms, found 3 plugins.
Preloading 0 native plugins for Editor in 0.00 ms.
Mono: successfully reloaded assembly
- Completed reload, in  0.708 seconds
Domain Reload Profiling:
	ReloadAssembly (709ms)
		BeginReloadAssembly (93ms)
			ExecutionOrderSort (0ms)
			DisableScriptedObjects (0ms)
			BackupInstance (0ms)
			ReleaseScriptingObjects (0ms)
			CreateAndSetChildDomain (1ms)
		EndReloadAssembly (468ms)
			LoadAssemblies (93ms)
			RebuildTransferFunctionScriptingTraits (0ms)
			SetupTypeCache (116ms)
			ReleaseScriptCaches (0ms)
			RebuildScriptCaches (30ms)
			SetupLoadedEditorAssemblies (269ms)
				LogAssemblyErrors (0ms)
				InitializePlatformSupportModulesInManaged (54ms)
				SetLoadedEditorAssemblies (0ms)
				RefreshPlugins (74ms)
				BeforeProcessingInitializeOnLoad (1ms)
				ProcessInitializeOnLoadAttributes (94ms)
				ProcessInitializeOnLoadMethodAttributes (45ms)
				AfterProcessingInitializeOnLoad (0ms)
				EditorAssembliesLoaded (0ms)
			ExecutionOrderSort2 (0ms)
			AwakeInstancesAfterBackupRestoration (0ms)
Platform modules already initialized, skipping
Registering precompiled user dll's ...
Registered in 0.005703 seconds.
Begin MonoManager ReloadAssembly
Native extension for WindowsStandalone target not found
Native extension for Android target not found
Native extension for WebGL target not found
Refreshing native plugins compatible for Editor in 85.81 ms, found 3 plugins.
Preloading 0 native plugins for Editor in 0.00 ms.
Mono: successfully reloaded assembly
- Completed reload, in  1.302 seconds
Domain Reload Profiling:
	ReloadAssembly (1303ms)
		BeginReloadAssembly (231ms)
			ExecutionOrderSort (0ms)
			DisableScriptedObjects (6ms)
			BackupInstance (0ms)
			ReleaseScriptingObjects (0ms)
			CreateAndSetChildDomain (125ms)
		EndReloadAssembly (961ms)
			LoadAssemblies (108ms)
			RebuildTransferFunctionScriptingTraits (0ms)
			SetupTypeCache (247ms)
			ReleaseScriptCaches (1ms)
			RebuildScriptCaches (77ms)
			SetupLoadedEditorAssemblies (506ms)
				LogAssemblyErrors (0ms)
				InitializePlatformSupportModulesInManaged (13ms)
				SetLoadedEditorAssemblies (0ms)
				RefreshPlugins (86ms)
				BeforeProcessingInitializeOnLoad (80ms)
				ProcessInitializeOnLoadAttributes (284ms)
				ProcessInitializeOnLoadMethodAttributes (40ms)
				AfterProcessingInitializeOnLoad (3ms)
				EditorAssembliesLoaded (0ms)
			ExecutionOrderSort2 (0ms)
			AwakeInstancesAfterBackupRestoration (6ms)
Platform modules already initialized, skipping
========================================================================
Worker process is ready to serve import requests
Launched and connected shader compiler UnityShaderCompiler.exe after 0.04 seconds
Refreshing native plugins compatible for Editor in 0.65 ms, found 3 plugins.
Preloading 0 native plugins for Editor in 0.00 ms.
Unloading 3777 Unused Serialized files (Serialized files now loaded: 0)
Unloading 37 unused Assets / (56.5 KB). Loaded Objects now: 4244.
Memory consumption went from 155.2 MB to 155.2 MB.
Total: 3.079000 ms (FindLiveObjects: 0.240900 ms CreateObjectMapping: 0.173200 ms MarkObjects: 2.591300 ms  DeleteObjects: 0.072800 ms)

AssetImportParameters requested are different than current active one (requested -> active):
  custom:video-decoder-ogg-theora: a1e56fd34408186e4bbccfd4996cb3dc -> 
  custom:container-muxer-webm: aa71ff27fc2769a1b78a27578f13a17b -> 
  custom:container-demuxer-webm: 4f35f7cbe854078d1ac9338744f61a02 -> 
  custom:video-encoder-webm-vp8: eb34c28f22e8b96e1ab97ce403110664 -> 
  custom:audio-encoder-webm-vorbis: bf7c407c2cedff20999df2af8eb42d56 -> 
  custom:framework-win-MediaFoundation: 216162199b28c13a410421893ffa2e32 -> 
  custom:container-demuxer-ogg: 62fdf1f143b41e24485cea50d1cbac27 -> 
  custom:video-decoder-webm-vp8: 9c59270c3fd7afecdb556c50c9e8de78 -> 
  custom:audio-decoder-ogg-vorbis: bf7c407c2cedff20999df2af8eb42d56 -> 
========================================================================
Received Import Request.
  Time since last request: 750.311788 seconds.
  path: Assets/Scenes/AI/BT-Pruebas.unity
  artifactKey: Guid(0d08c4847669d6b4caa9761156496f64) Importer(815301076,1909f56bfc062723c751e8b465ee728b)
Start importing Assets/Scenes/AI/BT-Pruebas.unity using Guid(0d08c4847669d6b4caa9761156496f64) Importer(815301076,1909f56bfc062723c751e8b465ee728b)  -> (artifact id: '5a63c824e5ee8d0ad9c75f55e7b2f1b7') in 0.009526 seconds 
========================================================================
Received Import Request.
  Time since last request: 114.276516 seconds.
  path: Assets/Scripts/BT-GUI/BehaviourTree.cs
  artifactKey: Guid(ae16c06453ab34047a18615adc005ffa) Importer(815301076,1909f56bfc062723c751e8b465ee728b)
Start importing Assets/Scripts/BT-GUI/BehaviourTree.cs using Guid(ae16c06453ab34047a18615adc005ffa) Importer(815301076,1909f56bfc062723c751e8b465ee728b)  -> (artifact id: '94928f868848684db307e1e94aa73ac1') in 0.052756 seconds 
========================================================================
Received Import Request.
  Time since last request: 0.948114 seconds.
  path: Assets/Scripts/BT-GUI/GUI
  artifactKey: Guid(98c9bc89e010d474b91d8b4c85d8d95c) Importer(815301076,1909f56bfc062723c751e8b465ee728b)
Start importing Assets/Scripts/BT-GUI/GUI using Guid(98c9bc89e010d474b91d8b4c85d8d95c) Importer(815301076,1909f56bfc062723c751e8b465ee728b)  -> (artifact id: 'd41f313fe380500aabbc569c3149e6b4') in 0.004800 seconds 
========================================================================
Received Import Request.
  Time since last request: 0.055205 seconds.
  path: Assets/Scripts/BT-GUI/GUI/BehaviourTreeEditor.uss
  artifactKey: Guid(43ece076607e5df459ffc95171b6a114) Importer(815301076,1909f56bfc062723c751e8b465ee728b)
Start importing Assets/Scripts/BT-GUI/GUI/BehaviourTreeEditor.uss using Guid(43ece076607e5df459ffc95171b6a114) Importer(815301076,1909f56bfc062723c751e8b465ee728b)  -> (artifact id: 'c043ab54926f8417ba291358e2025117') in 0.019241 seconds 
========================================================================
Received Import Request.
  Time since last request: 0.000018 seconds.
  path: Assets/Scripts/BT-GUI/GUI/BehaviourTreeEditor.uxml
  artifactKey: Guid(9df13c947a651884db7c37dff24e1c10) Importer(815301076,1909f56bfc062723c751e8b465ee728b)
Start importing Assets/Scripts/BT-GUI/GUI/BehaviourTreeEditor.uxml using Guid(9df13c947a651884db7c37dff24e1c10) Importer(815301076,1909f56bfc062723c751e8b465ee728b)  -> (artifact id: 'cda05fd2b1e7bd4794a84a5bbf7b0271') in 0.008541 seconds 
========================================================================
Received Import Request.
  Time since last request: 50.977950 seconds.
  path: Assets/Scripts/BT-GUI/GUI/BehaviourTreeEditor.uxml
  artifactKey: Guid(9df13c947a651884db7c37dff24e1c10) Importer(815301076,1909f56bfc062723c751e8b465ee728b)
Start importing Assets/Scripts/BT-GUI/GUI/BehaviourTreeEditor.uxml using Guid(9df13c947a651884db7c37dff24e1c10) Importer(815301076,1909f56bfc062723c751e8b465ee728b)  -> (artifact id: 'cd96848b46aef5d9a220114e2b18ea0a') in 0.002481 seconds 
========================================================================
Received Import Request.
  Time since last request: 15.124776 seconds.
  path: Assets/Scripts/BT-GUI/GUI/BehaviourTreeEditor.uxml
  artifactKey: Guid(9df13c947a651884db7c37dff24e1c10) Importer(815301076,1909f56bfc062723c751e8b465ee728b)
Start importing Assets/Scripts/BT-GUI/GUI/BehaviourTreeEditor.uxml using Guid(9df13c947a651884db7c37dff24e1c10) Importer(815301076,1909f56bfc062723c751e8b465ee728b)  -> (artifact id: '3170f283b28b0247399bfb094830bdf8') in 0.002541 seconds 
========================================================================
Received Import Request.
  Time since last request: 11.742596 seconds.
  path: Assets/Scripts/BT-GUI/GUI/BehaviourTreeView.cs
  artifactKey: Guid(1cdf9b465c7b5724fb34c9d0527b32af) Importer(815301076,1909f56bfc062723c751e8b465ee728b)
Start importing Assets/Scripts/BT-GUI/GUI/BehaviourTreeView.cs using Guid(1cdf9b465c7b5724fb34c9d0527b32af) Importer(815301076,1909f56bfc062723c751e8b465ee728b)  -> (artifact id: '49cccb6349d430dab439c1c173fda71b') in 0.005012 seconds 
========================================================================
Received Import Request.
  Time since last request: 20.832827 seconds.
  path: Assets/Scripts/BT-GUI/GUI/BehaviourTreeEditor.cs
  artifactKey: Guid(df270fc8fffea9648b80b42beae74dc6) Importer(815301076,1909f56bfc062723c751e8b465ee728b)
Start importing Assets/Scripts/BT-GUI/GUI/BehaviourTreeEditor.cs using Guid(df270fc8fffea9648b80b42beae74dc6) Importer(815301076,1909f56bfc062723c751e8b465ee728b)  -> (artifact id: 'c92658931978f5c893265e684de02d1f') in 0.001651 seconds 
========================================================================
Received Import Request.
  Time since last request: 0.763349 seconds.
  path: Assets/Scripts/BT-GUI/GUI/InspectorView.cs
  artifactKey: Guid(e5be5a93f9848b8429a801ed8e587426) Importer(815301076,1909f56bfc062723c751e8b465ee728b)
Start importing Assets/Scripts/BT-GUI/GUI/InspectorView.cs using Guid(e5be5a93f9848b8429a801ed8e587426) Importer(815301076,1909f56bfc062723c751e8b465ee728b)  -> (artifact id: 'd148b009ae1ac98b9801f4c64e7ea05f') in 0.005656 seconds 
========================================================================
Received Import Request.
  Time since last request: 0.603489 seconds.
  path: Assets/Scripts/BT-GUI/GUI/SplitView.cs
  artifactKey: Guid(1fb25aa89d4c45f4e82d7759a0e4f573) Importer(815301076,1909f56bfc062723c751e8b465ee728b)
Start importing Assets/Scripts/BT-GUI/GUI/SplitView.cs using Guid(1fb25aa89d4c45f4e82d7759a0e4f573) Importer(815301076,1909f56bfc062723c751e8b465ee728b)  -> (artifact id: 'e3edcdf769cb62959e3b467011c0d0b3') in 0.005413 seconds 
========================================================================
Received Prepare
Registering precompiled user dll's ...
Registered in 0.005476 seconds.
Begin MonoManager ReloadAssembly
Native extension for WindowsStandalone target not found
Native extension for Android target not found
Native extension for WebGL target not found
Refreshing native plugins compatible for Editor in 0.69 ms, found 3 plugins.
Preloading 0 native plugins for Editor in 0.00 ms.
Mono: successfully reloaded assembly
- Completed reload, in  1.076 seconds
Domain Reload Profiling:
	ReloadAssembly (1076ms)
		BeginReloadAssembly (148ms)
			ExecutionOrderSort (0ms)
			DisableScriptedObjects (7ms)
			BackupInstance (0ms)
			ReleaseScriptingObjects (0ms)
			CreateAndSetChildDomain (38ms)
		EndReloadAssembly (833ms)
			LoadAssemblies (108ms)
			RebuildTransferFunctionScriptingTraits (0ms)
			SetupTypeCache (223ms)
			ReleaseScriptCaches (1ms)
			RebuildScriptCaches (47ms)
			SetupLoadedEditorAssemblies (425ms)
				LogAssemblyErrors (0ms)
				InitializePlatformSupportModulesInManaged (25ms)
				SetLoadedEditorAssemblies (0ms)
				RefreshPlugins (1ms)
				BeforeProcessingInitializeOnLoad (67ms)
				ProcessInitializeOnLoadAttributes (296ms)
				ProcessInitializeOnLoadMethodAttributes (34ms)
				AfterProcessingInitializeOnLoad (3ms)
				EditorAssembliesLoaded (0ms)
			ExecutionOrderSort2 (0ms)
			AwakeInstancesAfterBackupRestoration (8ms)
Platform modules already initialized, skipping
Refreshing native plugins compatible for Editor in 2.10 ms, found 3 plugins.
Preloading 0 native plugins for Editor in 0.00 ms.
Unloading 3753 Unused Serialized files (Serialized files now loaded: 0)
Unloading 22 unused Assets / (24.7 KB). Loaded Objects now: 4247.
Memory consumption went from 153.0 MB to 153.0 MB.
Total: 3.317800 ms (FindLiveObjects: 0.234700 ms CreateObjectMapping: 0.154700 ms MarkObjects: 2.904600 ms  DeleteObjects: 0.022700 ms)

AssetImportParameters requested are different than current active one (requested -> active):
  custom:video-decoder-ogg-theora: a1e56fd34408186e4bbccfd4996cb3dc -> 
  custom:container-muxer-webm: aa71ff27fc2769a1b78a27578f13a17b -> 
  custom:container-demuxer-webm: 4f35f7cbe854078d1ac9338744f61a02 -> 
  custom:video-encoder-webm-vp8: eb34c28f22e8b96e1ab97ce403110664 -> 
  custom:audio-encoder-webm-vorbis: bf7c407c2cedff20999df2af8eb42d56 -> 
  custom:framework-win-MediaFoundation: 216162199b28c13a410421893ffa2e32 -> 
  custom:container-demuxer-ogg: 62fdf1f143b41e24485cea50d1cbac27 -> 
  custom:video-decoder-webm-vp8: 9c59270c3fd7afecdb556c50c9e8de78 -> 
  custom:audio-decoder-ogg-vorbis: bf7c407c2cedff20999df2af8eb42d56 -> 
========================================================================
Received Import Request.
  Time since last request: 201.822432 seconds.
  path: Assets/Scripts/BT-GUI/GUI/BehaviourTreeEditor.uss
  artifactKey: Guid(43ece076607e5df459ffc95171b6a114) Importer(815301076,1909f56bfc062723c751e8b465ee728b)
Start importing Assets/Scripts/BT-GUI/GUI/BehaviourTreeEditor.uss using Guid(43ece076607e5df459ffc95171b6a114) Importer(815301076,1909f56bfc062723c751e8b465ee728b)  -> (artifact id: '0f5a0179023e34498573aa8dcf3982b1') in 0.021683 seconds 
========================================================================
Received Import Request.
  Time since last request: 0.000019 seconds.
  path: Assets/Scripts/BT-GUI/GUI/BehaviourTreeEditor.uxml
  artifactKey: Guid(9df13c947a651884db7c37dff24e1c10) Importer(815301076,1909f56bfc062723c751e8b465ee728b)
Start importing Assets/Scripts/BT-GUI/GUI/BehaviourTreeEditor.uxml using Guid(9df13c947a651884db7c37dff24e1c10) Importer(815301076,1909f56bfc062723c751e8b465ee728b)  -> (artifact id: '01e4d8fcaf289ece4fcc6b972eb299a7') in 0.004706 seconds 
========================================================================
Received Prepare
Registering precompiled user dll's ...
Registered in 0.008784 seconds.
Begin MonoManager ReloadAssembly
Native extension for WindowsStandalone target not found
Native extension for Android target not found
Native extension for WebGL target not found
Refreshing native plugins compatible for Editor in 0.64 ms, found 3 plugins.
Preloading 0 native plugins for Editor in 0.00 ms.
Mono: successfully reloaded assembly
- Completed reload, in  1.071 seconds
Domain Reload Profiling:
	ReloadAssembly (1071ms)
		BeginReloadAssembly (148ms)
			ExecutionOrderSort (0ms)
			DisableScriptedObjects (7ms)
			BackupInstance (0ms)
			ReleaseScriptingObjects (0ms)
			CreateAndSetChildDomain (35ms)
		EndReloadAssembly (832ms)
			LoadAssemblies (110ms)
			RebuildTransferFunctionScriptingTraits (0ms)
			SetupTypeCache (234ms)
			ReleaseScriptCaches (1ms)
			RebuildScriptCaches (51ms)
			SetupLoadedEditorAssemblies (407ms)
				LogAssemblyErrors (0ms)
				InitializePlatformSupportModulesInManaged (21ms)
				SetLoadedEditorAssemblies (0ms)
				RefreshPlugins (1ms)
				BeforeProcessingInitializeOnLoad (60ms)
				ProcessInitializeOnLoadAttributes (285ms)
				ProcessInitializeOnLoadMethodAttributes (36ms)
				AfterProcessingInitializeOnLoad (3ms)
				EditorAssembliesLoaded (0ms)
			ExecutionOrderSort2 (0ms)
			AwakeInstancesAfterBackupRestoration (9ms)
Platform modules already initialized, skipping
Refreshing native plugins compatible for Editor in 2.06 ms, found 3 plugins.
Preloading 0 native plugins for Editor in 0.00 ms.
Unloading 3754 Unused Serialized files (Serialized files now loaded: 0)
Unloading 21 unused Assets / (24.7 KB). Loaded Objects now: 4251.
Memory consumption went from 153.1 MB to 153.0 MB.
Total: 3.244800 ms (FindLiveObjects: 0.235500 ms CreateObjectMapping: 0.226400 ms MarkObjects: 2.760200 ms  DeleteObjects: 0.021700 ms)

AssetImportParameters requested are different than current active one (requested -> active):
  custom:video-decoder-ogg-theora: a1e56fd34408186e4bbccfd4996cb3dc -> 
  custom:container-muxer-webm: aa71ff27fc2769a1b78a27578f13a17b -> 
  custom:container-demuxer-webm: 4f35f7cbe854078d1ac9338744f61a02 -> 
  custom:video-encoder-webm-vp8: eb34c28f22e8b96e1ab97ce403110664 -> 
  custom:audio-encoder-webm-vorbis: bf7c407c2cedff20999df2af8eb42d56 -> 
  custom:framework-win-MediaFoundation: 216162199b28c13a410421893ffa2e32 -> 
  custom:container-demuxer-ogg: 62fdf1f143b41e24485cea50d1cbac27 -> 
  custom:video-decoder-webm-vp8: 9c59270c3fd7afecdb556c50c9e8de78 -> 
  custom:audio-decoder-ogg-vorbis: bf7c407c2cedff20999df2af8eb42d56 -> 
========================================================================
Received Import Request.
  Time since last request: 11.198605 seconds.
  path: Assets/Scripts/BT-GUI/GUI/BehaviourTreeEditor.cs
  artifactKey: Guid(df270fc8fffea9648b80b42beae74dc6) Importer(815301076,1909f56bfc062723c751e8b465ee728b)
Start importing Assets/Scripts/BT-GUI/GUI/BehaviourTreeEditor.cs using Guid(df270fc8fffea9648b80b42beae74dc6) Importer(815301076,1909f56bfc062723c751e8b465ee728b)  -> (artifact id: '0b6c9155c75c23d78d6a096bebbe852d') in 0.012526 seconds 
========================================================================
Received Prepare
Registering precompiled user dll's ...
Registered in 0.005465 seconds.
Begin MonoManager ReloadAssembly
Native extension for WindowsStandalone target not found
Native extension for Android target not found
Native extension for WebGL target not found
Refreshing native plugins compatible for Editor in 0.72 ms, found 3 plugins.
Preloading 0 native plugins for Editor in 0.00 ms.
Mono: successfully reloaded assembly
- Completed reload, in  1.077 seconds
Domain Reload Profiling:
	ReloadAssembly (1078ms)
		BeginReloadAssembly (145ms)
			ExecutionOrderSort (0ms)
			DisableScriptedObjects (8ms)
			BackupInstance (0ms)
			ReleaseScriptingObjects (0ms)
			CreateAndSetChildDomain (34ms)
		EndReloadAssembly (840ms)
			LoadAssemblies (109ms)
			RebuildTransferFunctionScriptingTraits (0ms)
			SetupTypeCache (230ms)
			ReleaseScriptCaches (1ms)
			RebuildScriptCaches (51ms)
			SetupLoadedEditorAssemblies (413ms)
				LogAssemblyErrors (0ms)
				InitializePlatformSupportModulesInManaged (24ms)
				SetLoadedEditorAssemblies (0ms)
				RefreshPlugins (1ms)
				BeforeProcessingInitializeOnLoad (65ms)
				ProcessInitializeOnLoadAttributes (284ms)
				ProcessInitializeOnLoadMethodAttributes (36ms)
				AfterProcessingInitializeOnLoad (3ms)
				EditorAssembliesLoaded (0ms)
			ExecutionOrderSort2 (0ms)
			AwakeInstancesAfterBackupRestoration (8ms)
Platform modules already initialized, skipping
Refreshing native plugins compatible for Editor in 2.16 ms, found 3 plugins.
Preloading 0 native plugins for Editor in 0.00 ms.
Unloading 3753 Unused Serialized files (Serialized files now loaded: 0)
Unloading 22 unused Assets / (24.6 KB). Loaded Objects now: 4253.
Memory consumption went from 153.1 MB to 153.0 MB.
Total: 2.796100 ms (FindLiveObjects: 0.261400 ms CreateObjectMapping: 0.171300 ms MarkObjects: 2.341200 ms  DeleteObjects: 0.021500 ms)

AssetImportParameters requested are different than current active one (requested -> active):
  custom:video-decoder-ogg-theora: a1e56fd34408186e4bbccfd4996cb3dc -> 
  custom:container-muxer-webm: aa71ff27fc2769a1b78a27578f13a17b -> 
  custom:container-demuxer-webm: 4f35f7cbe854078d1ac9338744f61a02 -> 
  custom:video-encoder-webm-vp8: eb34c28f22e8b96e1ab97ce403110664 -> 
  custom:audio-encoder-webm-vorbis: bf7c407c2cedff20999df2af8eb42d56 -> 
  custom:framework-win-MediaFoundation: 216162199b28c13a410421893ffa2e32 -> 
  custom:container-demuxer-ogg: 62fdf1f143b41e24485cea50d1cbac27 -> 
  custom:video-decoder-webm-vp8: 9c59270c3fd7afecdb556c50c9e8de78 -> 
  custom:audio-decoder-ogg-vorbis: bf7c407c2cedff20999df2af8eb42d56 -> 
========================================================================
Received Import Request.
  Time since last request: 39.030025 seconds.
  path: Assets/Scripts/BT-GUI/GUI/BT-Editor
  artifactKey: Guid(ae2bfb6a101443d438140e7d19824b08) Importer(815301076,1909f56bfc062723c751e8b465ee728b)
Start importing Assets/Scripts/BT-GUI/GUI/BT-Editor using Guid(ae2bfb6a101443d438140e7d19824b08) Importer(815301076,1909f56bfc062723c751e8b465ee728b)  -> (artifact id: 'efcc7b09e6816b4a4cbe389ea86122f7') in 0.010155 seconds 
========================================================================
Received Import Request.
  Time since last request: 17.701057 seconds.
  path: Assets/Scripts/BT-GUI/GUI/BT-Editor/BehaviourTreeEditor.uss
  artifactKey: Guid(df0899d1d74894245b31ab7f7c3b4759) Importer(815301076,1909f56bfc062723c751e8b465ee728b)
Start importing Assets/Scripts/BT-GUI/GUI/BT-Editor/BehaviourTreeEditor.uss using Guid(df0899d1d74894245b31ab7f7c3b4759) Importer(815301076,1909f56bfc062723c751e8b465ee728b)  -> (artifact id: '54bd791f79f0106a490cd70cc45a12ec') in 0.017866 seconds 
========================================================================
Received Import Request.
  Time since last request: 0.000025 seconds.
  path: Assets/Scripts/BT-GUI/GUI/BT-Editor/BehaviourTreeEditor.uxml
  artifactKey: Guid(beef3a14d380e7e44b511bf6ad7cc8a3) Importer(815301076,1909f56bfc062723c751e8b465ee728b)
Start importing Assets/Scripts/BT-GUI/GUI/BT-Editor/BehaviourTreeEditor.uxml using Guid(beef3a14d380e7e44b511bf6ad7cc8a3) Importer(815301076,1909f56bfc062723c751e8b465ee728b)  -> (artifact id: '9d6d51f8ed70378fddad462253b7a9d5') in 0.004267 seconds 
========================================================================
Received Prepare
Registering precompiled user dll's ...
Registered in 0.005372 seconds.
Begin MonoManager ReloadAssembly
Native extension for WindowsStandalone target not found
Native extension for Android target not found
Native extension for WebGL target not found
Refreshing native plugins compatible for Editor in 0.62 ms, found 3 plugins.
Preloading 0 native plugins for Editor in 0.00 ms.
Mono: successfully reloaded assembly
- Completed reload, in  1.068 seconds
Domain Reload Profiling:
	ReloadAssembly (1069ms)
		BeginReloadAssembly (142ms)
			ExecutionOrderSort (0ms)
			DisableScriptedObjects (6ms)
			BackupInstance (0ms)
			ReleaseScriptingObjects (0ms)
			CreateAndSetChildDomain (38ms)
		EndReloadAssembly (836ms)
			LoadAssemblies (104ms)
			RebuildTransferFunctionScriptingTraits (0ms)
			SetupTypeCache (225ms)
			ReleaseScriptCaches (1ms)
			RebuildScriptCaches (47ms)
			SetupLoadedEditorAssemblies (428ms)
				LogAssemblyErrors (0ms)
				InitializePlatformSupportModulesInManaged (21ms)
				SetLoadedEditorAssemblies (0ms)
				RefreshPlugins (1ms)
				BeforeProcessingInitializeOnLoad (62ms)
				ProcessInitializeOnLoadAttributes (301ms)
				ProcessInitializeOnLoadMethodAttributes (39ms)
				AfterProcessingInitializeOnLoad (3ms)
				EditorAssembliesLoaded (0ms)
			ExecutionOrderSort2 (0ms)
			AwakeInstancesAfterBackupRestoration (8ms)
Platform modules already initialized, skipping
Refreshing native plugins compatible for Editor in 2.26 ms, found 3 plugins.
Preloading 0 native plugins for Editor in 0.00 ms.
Unloading 3754 Unused Serialized files (Serialized files now loaded: 0)
Unloading 21 unused Assets / (24.7 KB). Loaded Objects now: 4257.
Memory consumption went from 153.1 MB to 153.1 MB.
Total: 3.188100 ms (FindLiveObjects: 0.235500 ms CreateObjectMapping: 0.189400 ms MarkObjects: 2.742200 ms  DeleteObjects: 0.020300 ms)

AssetImportParameters requested are different than current active one (requested -> active):
  custom:video-decoder-ogg-theora: a1e56fd34408186e4bbccfd4996cb3dc -> 
  custom:container-muxer-webm: aa71ff27fc2769a1b78a27578f13a17b -> 
  custom:container-demuxer-webm: 4f35f7cbe854078d1ac9338744f61a02 -> 
  custom:video-encoder-webm-vp8: eb34c28f22e8b96e1ab97ce403110664 -> 
  custom:audio-encoder-webm-vorbis: bf7c407c2cedff20999df2af8eb42d56 -> 
  custom:framework-win-MediaFoundation: 216162199b28c13a410421893ffa2e32 -> 
  custom:container-demuxer-ogg: 62fdf1f143b41e24485cea50d1cbac27 -> 
  custom:video-decoder-webm-vp8: 9c59270c3fd7afecdb556c50c9e8de78 -> 
  custom:audio-decoder-ogg-vorbis: bf7c407c2cedff20999df2af8eb42d56 -> 
========================================================================
Received Import Request.
  Time since last request: 83.818173 seconds.
  path: Assets/Scripts/BT-GUI/GUI/BT-Editor/BehaviourTreeEditor.cs
  artifactKey: Guid(9bb4cc31f0b1aad4ebe54adecbc46fee) Importer(815301076,1909f56bfc062723c751e8b465ee728b)
Start importing Assets/Scripts/BT-GUI/GUI/BT-Editor/BehaviourTreeEditor.cs using Guid(9bb4cc31f0b1aad4ebe54adecbc46fee) Importer(815301076,1909f56bfc062723c751e8b465ee728b)  -> (artifact id: '53a16fc5d58cbb9ac64a341d86ff16a6') in 0.007018 seconds 
========================================================================
Received Prepare
Registering precompiled user dll's ...
Registered in 0.006000 seconds.
Begin MonoManager ReloadAssembly
Native extension for WindowsStandalone target not found
Native extension for Android target not found
Native extension for WebGL target not found
Refreshing native plugins compatible for Editor in 0.82 ms, found 3 plugins.
Preloading 0 native plugins for Editor in 0.00 ms.
Mono: successfully reloaded assembly
- Completed reload, in  2.161 seconds
Domain Reload Profiling:
	ReloadAssembly (2162ms)
		BeginReloadAssembly (481ms)
			ExecutionOrderSort (0ms)
			DisableScriptedObjects (20ms)
			BackupInstance (0ms)
			ReleaseScriptingObjects (0ms)
			CreateAndSetChildDomain (66ms)
		EndReloadAssembly (1529ms)
			LoadAssemblies (327ms)
			RebuildTransferFunctionScriptingTraits (0ms)
			SetupTypeCache (419ms)
			ReleaseScriptCaches (2ms)
			RebuildScriptCaches (99ms)
			SetupLoadedEditorAssemblies (686ms)
				LogAssemblyErrors (0ms)
				InitializePlatformSupportModulesInManaged (109ms)
				SetLoadedEditorAssemblies (8ms)
				RefreshPlugins (1ms)
				BeforeProcessingInitializeOnLoad (71ms)
				ProcessInitializeOnLoadAttributes (415ms)
				ProcessInitializeOnLoadMethodAttributes (50ms)
				AfterProcessingInitializeOnLoad (4ms)
				EditorAssembliesLoaded (27ms)
			ExecutionOrderSort2 (0ms)
			AwakeInstancesAfterBackupRestoration (29ms)
Platform modules already initialized, skipping
Refreshing native plugins compatible for Editor in 2.24 ms, found 3 plugins.
Preloading 0 native plugins for Editor in 0.00 ms.
Unloading 3754 Unused Serialized files (Serialized files now loaded: 0)
Unloading 21 unused Assets / (24.7 KB). Loaded Objects now: 4260.
Memory consumption went from 153.1 MB to 153.1 MB.
Total: 3.775200 ms (FindLiveObjects: 0.255400 ms CreateObjectMapping: 0.192000 ms MarkObjects: 3.303600 ms  DeleteObjects: 0.022900 ms)

AssetImportParameters requested are different than current active one (requested -> active):
  custom:video-decoder-ogg-theora: a1e56fd34408186e4bbccfd4996cb3dc -> 
  custom:container-muxer-webm: aa71ff27fc2769a1b78a27578f13a17b -> 
  custom:container-demuxer-webm: 4f35f7cbe854078d1ac9338744f61a02 -> 
  custom:video-encoder-webm-vp8: eb34c28f22e8b96e1ab97ce403110664 -> 
  custom:audio-encoder-webm-vorbis: bf7c407c2cedff20999df2af8eb42d56 -> 
  custom:framework-win-MediaFoundation: 216162199b28c13a410421893ffa2e32 -> 
  custom:container-demuxer-ogg: 62fdf1f143b41e24485cea50d1cbac27 -> 
  custom:video-decoder-webm-vp8: 9c59270c3fd7afecdb556c50c9e8de78 -> 
  custom:audio-decoder-ogg-vorbis: bf7c407c2cedff20999df2af8eb42d56 -> 
========================================================================
Received Import Request.
  Time since last request: 248.900023 seconds.
  path: Assets/Scripts/BT-GUI/GUI/BT-Editor/BehaviourTreeEditor.cs
  artifactKey: Guid(9bb4cc31f0b1aad4ebe54adecbc46fee) Importer(815301076,1909f56bfc062723c751e8b465ee728b)
Start importing Assets/Scripts/BT-GUI/GUI/BT-Editor/BehaviourTreeEditor.cs using Guid(9bb4cc31f0b1aad4ebe54adecbc46fee) Importer(815301076,1909f56bfc062723c751e8b465ee728b)  -> (artifact id: '93a0236b4bb37c18f3d12fe7bd8fb542') in 0.010856 seconds 
========================================================================
Received Prepare
Registering precompiled user dll's ...
Registered in 0.006536 seconds.
Begin MonoManager ReloadAssembly
Native extension for WindowsStandalone target not found
Native extension for Android target not found
Native extension for WebGL target not found
Refreshing native plugins compatible for Editor in 0.68 ms, found 3 plugins.
Preloading 0 native plugins for Editor in 0.00 ms.
Mono: successfully reloaded assembly
- Completed reload, in  1.055 seconds
Domain Reload Profiling:
	ReloadAssembly (1056ms)
		BeginReloadAssembly (153ms)
			ExecutionOrderSort (0ms)
			DisableScriptedObjects (7ms)
			BackupInstance (0ms)
			ReleaseScriptingObjects (0ms)
			CreateAndSetChildDomain (35ms)
		EndReloadAssembly (811ms)
			LoadAssemblies (112ms)
			RebuildTransferFunctionScriptingTraits (0ms)
			SetupTypeCache (230ms)
			ReleaseScriptCaches (1ms)
			RebuildScriptCaches (49ms)
			SetupLoadedEditorAssemblies (391ms)
				LogAssemblyErrors (0ms)
				InitializePlatformSupportModulesInManaged (22ms)
				SetLoadedEditorAssemblies (0ms)
				RefreshPlugins (1ms)
				BeforeProcessingInitializeOnLoad (60ms)
				ProcessInitializeOnLoadAttributes (271ms)
				ProcessInitializeOnLoadMethodAttributes (34ms)
				AfterProcessingInitializeOnLoad (3ms)
				EditorAssembliesLoaded (0ms)
			ExecutionOrderSort2 (0ms)
			AwakeInstancesAfterBackupRestoration (8ms)
Platform modules already initialized, skipping
Refreshing native plugins compatible for Editor in 1.81 ms, found 3 plugins.
Preloading 0 native plugins for Editor in 0.00 ms.
Unloading 3754 Unused Serialized files (Serialized files now loaded: 0)
Unloading 21 unused Assets / (24.7 KB). Loaded Objects now: 4263.
Memory consumption went from 153.1 MB to 153.1 MB.
Total: 3.092900 ms (FindLiveObjects: 0.225600 ms CreateObjectMapping: 0.142400 ms MarkObjects: 2.701700 ms  DeleteObjects: 0.022400 ms)

AssetImportParameters requested are different than current active one (requested -> active):
  custom:video-decoder-ogg-theora: a1e56fd34408186e4bbccfd4996cb3dc -> 
  custom:container-muxer-webm: aa71ff27fc2769a1b78a27578f13a17b -> 
  custom:container-demuxer-webm: 4f35f7cbe854078d1ac9338744f61a02 -> 
  custom:video-encoder-webm-vp8: eb34c28f22e8b96e1ab97ce403110664 -> 
  custom:audio-encoder-webm-vorbis: bf7c407c2cedff20999df2af8eb42d56 -> 
  custom:framework-win-MediaFoundation: 216162199b28c13a410421893ffa2e32 -> 
  custom:container-demuxer-ogg: 62fdf1f143b41e24485cea50d1cbac27 -> 
  custom:video-decoder-webm-vp8: 9c59270c3fd7afecdb556c50c9e8de78 -> 
  custom:audio-decoder-ogg-vorbis: bf7c407c2cedff20999df2af8eb42d56 -> 
========================================================================
Received Import Request.
  Time since last request: 68.365647 seconds.
  path: Assets/Scripts/BT-GUI/GUI/BT-Editor/BehaviourTreeEditor.uss
  artifactKey: Guid(df0899d1d74894245b31ab7f7c3b4759) Importer(815301076,1909f56bfc062723c751e8b465ee728b)
Start importing Assets/Scripts/BT-GUI/GUI/BT-Editor/BehaviourTreeEditor.uss using Guid(df0899d1d74894245b31ab7f7c3b4759) Importer(815301076,1909f56bfc062723c751e8b465ee728b)  -> (artifact id: 'ec1633cc10b86c01ec9fcffd60c4d339') in 0.020501 seconds 
========================================================================
Received Import Request.
  Time since last request: 0.000018 seconds.
  path: Assets/Scripts/BT-GUI/GUI/BT-Editor/BehaviourTreeEditor.uxml
  artifactKey: Guid(beef3a14d380e7e44b511bf6ad7cc8a3) Importer(815301076,1909f56bfc062723c751e8b465ee728b)
Start importing Assets/Scripts/BT-GUI/GUI/BT-Editor/BehaviourTreeEditor.uxml using Guid(beef3a14d380e7e44b511bf6ad7cc8a3) Importer(815301076,1909f56bfc062723c751e8b465ee728b)  -> (artifact id: '1743644db3451f822a17b434af20ad23') in 0.006090 seconds 
========================================================================
Received Import Request.
  Time since last request: 26.901974 seconds.
  path: Assets/Scripts/BT-GUI/GUI/BT-Editor/BehaviourTreeEditor.uxml
  artifactKey: Guid(beef3a14d380e7e44b511bf6ad7cc8a3) Importer(815301076,1909f56bfc062723c751e8b465ee728b)
Start importing Assets/Scripts/BT-GUI/GUI/BT-Editor/BehaviourTreeEditor.uxml using Guid(beef3a14d380e7e44b511bf6ad7cc8a3) Importer(815301076,1909f56bfc062723c751e8b465ee728b)  -> (artifact id: '301c2d1ef6f73e378bc73dc75703ba88') in 0.002580 seconds 
========================================================================
Received Import Request.
  Time since last request: 131.001152 seconds.
  path: Assets/Scripts/BT-GUI/GUI/BehaviourTreeView.cs
  artifactKey: Guid(1cdf9b465c7b5724fb34c9d0527b32af) Importer(815301076,1909f56bfc062723c751e8b465ee728b)
Start importing Assets/Scripts/BT-GUI/GUI/BehaviourTreeView.cs using Guid(1cdf9b465c7b5724fb34c9d0527b32af) Importer(815301076,1909f56bfc062723c751e8b465ee728b)  -> (artifact id: '5651e1d4c14b3e519ba3c2f390a5c3a4') in 0.005445 seconds 
========================================================================
Received Prepare
Registering precompiled user dll's ...
Registered in 0.006075 seconds.
Begin MonoManager ReloadAssembly
Native extension for WindowsStandalone target not found
Native extension for Android target not found
Native extension for WebGL target not found
Refreshing native plugins compatible for Editor in 0.89 ms, found 3 plugins.
Preloading 0 native plugins for Editor in 0.00 ms.
Mono: successfully reloaded assembly
- Completed reload, in  1.050 seconds
Domain Reload Profiling:
	ReloadAssembly (1051ms)
		BeginReloadAssembly (148ms)
			ExecutionOrderSort (0ms)
			DisableScriptedObjects (9ms)
			BackupInstance (0ms)
			ReleaseScriptingObjects (0ms)
			CreateAndSetChildDomain (35ms)
		EndReloadAssembly (811ms)
			LoadAssemblies (109ms)
			RebuildTransferFunctionScriptingTraits (0ms)
			SetupTypeCache (226ms)
			ReleaseScriptCaches (1ms)
			RebuildScriptCaches (45ms)
			SetupLoadedEditorAssemblies (405ms)
				LogAssemblyErrors (0ms)
				InitializePlatformSupportModulesInManaged (20ms)
				SetLoadedEditorAssemblies (0ms)
				RefreshPlugins (1ms)
				BeforeProcessingInitializeOnLoad (62ms)
				ProcessInitializeOnLoadAttributes (285ms)
				ProcessInitializeOnLoadMethodAttributes (33ms)
				AfterProcessingInitializeOnLoad (3ms)
				EditorAssembliesLoaded (0ms)
			ExecutionOrderSort2 (0ms)
			AwakeInstancesAfterBackupRestoration (8ms)
Platform modules already initialized, skipping
Refreshing native plugins compatible for Editor in 2.08 ms, found 3 plugins.
Preloading 0 native plugins for Editor in 0.00 ms.
Unloading 3753 Unused Serialized files (Serialized files now loaded: 0)
Unloading 22 unused Assets / (24.7 KB). Loaded Objects now: 4265.
Memory consumption went from 153.1 MB to 153.1 MB.
Total: 3.114600 ms (FindLiveObjects: 0.229000 ms CreateObjectMapping: 0.155900 ms MarkObjects: 2.704500 ms  DeleteObjects: 0.024500 ms)

AssetImportParameters requested are different than current active one (requested -> active):
  custom:video-decoder-ogg-theora: a1e56fd34408186e4bbccfd4996cb3dc -> 
  custom:container-muxer-webm: aa71ff27fc2769a1b78a27578f13a17b -> 
  custom:container-demuxer-webm: 4f35f7cbe854078d1ac9338744f61a02 -> 
  custom:video-encoder-webm-vp8: eb34c28f22e8b96e1ab97ce403110664 -> 
  custom:audio-encoder-webm-vorbis: bf7c407c2cedff20999df2af8eb42d56 -> 
  custom:framework-win-MediaFoundation: 216162199b28c13a410421893ffa2e32 -> 
  custom:container-demuxer-ogg: 62fdf1f143b41e24485cea50d1cbac27 -> 
  custom:video-decoder-webm-vp8: 9c59270c3fd7afecdb556c50c9e8de78 -> 
  custom:audio-decoder-ogg-vorbis: bf7c407c2cedff20999df2af8eb42d56 -> 
========================================================================
Received Import Request.
  Time since last request: 150.207226 seconds.
  path: Assets/Scripts/BT-GUI/GUI/BehaviourTreeView.cs
  artifactKey: Guid(1cdf9b465c7b5724fb34c9d0527b32af) Importer(815301076,1909f56bfc062723c751e8b465ee728b)
Start importing Assets/Scripts/BT-GUI/GUI/BehaviourTreeView.cs using Guid(1cdf9b465c7b5724fb34c9d0527b32af) Importer(815301076,1909f56bfc062723c751e8b465ee728b)  -> (artifact id: 'ed969be992a068f299414ea081f4e86a') in 0.006962 seconds 
========================================================================
Received Prepare
Registering precompiled user dll's ...
Registered in 0.005666 seconds.
Begin MonoManager ReloadAssembly
Native extension for WindowsStandalone target not found
Native extension for Android target not found
Native extension for WebGL target not found
Refreshing native plugins compatible for Editor in 0.66 ms, found 3 plugins.
Preloading 0 native plugins for Editor in 0.00 ms.
Mono: successfully reloaded assembly
- Completed reload, in  1.086 seconds
Domain Reload Profiling:
	ReloadAssembly (1087ms)
		BeginReloadAssembly (152ms)
			ExecutionOrderSort (0ms)
			DisableScriptedObjects (13ms)
			BackupInstance (0ms)
			ReleaseScriptingObjects (0ms)
			CreateAndSetChildDomain (33ms)
		EndReloadAssembly (838ms)
			LoadAssemblies (116ms)
			RebuildTransferFunctionScriptingTraits (0ms)
			SetupTypeCache (234ms)
			ReleaseScriptCaches (1ms)
			RebuildScriptCaches (50ms)
			SetupLoadedEditorAssemblies (411ms)
				LogAssemblyErrors (0ms)
				InitializePlatformSupportModulesInManaged (21ms)
				SetLoadedEditorAssemblies (0ms)
				RefreshPlugins (1ms)
				BeforeProcessingInitializeOnLoad (65ms)
				ProcessInitializeOnLoadAttributes (286ms)
				ProcessInitializeOnLoadMethodAttributes (34ms)
				AfterProcessingInitializeOnLoad (3ms)
				EditorAssembliesLoaded (0ms)
			ExecutionOrderSort2 (0ms)
			AwakeInstancesAfterBackupRestoration (8ms)
Platform modules already initialized, skipping
Refreshing native plugins compatible for Editor in 1.82 ms, found 3 plugins.
Preloading 0 native plugins for Editor in 0.00 ms.
Unloading 3754 Unused Serialized files (Serialized files now loaded: 0)
Unloading 21 unused Assets / (24.6 KB). Loaded Objects now: 4269.
Memory consumption went from 153.1 MB to 153.1 MB.
Total: 3.131000 ms (FindLiveObjects: 0.287200 ms CreateObjectMapping: 0.179600 ms MarkObjects: 2.642300 ms  DeleteObjects: 0.021100 ms)

AssetImportParameters requested are different than current active one (requested -> active):
  custom:video-decoder-ogg-theora: a1e56fd34408186e4bbccfd4996cb3dc -> 
  custom:container-muxer-webm: aa71ff27fc2769a1b78a27578f13a17b -> 
  custom:container-demuxer-webm: 4f35f7cbe854078d1ac9338744f61a02 -> 
  custom:video-encoder-webm-vp8: eb34c28f22e8b96e1ab97ce403110664 -> 
  custom:audio-encoder-webm-vorbis: bf7c407c2cedff20999df2af8eb42d56 -> 
  custom:framework-win-MediaFoundation: 216162199b28c13a410421893ffa2e32 -> 
  custom:container-demuxer-ogg: 62fdf1f143b41e24485cea50d1cbac27 -> 
  custom:video-decoder-webm-vp8: 9c59270c3fd7afecdb556c50c9e8de78 -> 
  custom:audio-decoder-ogg-vorbis: bf7c407c2cedff20999df2af8eb42d56 -> 
========================================================================
Received Prepare
Registering precompiled user dll's ...
Registered in 0.005456 seconds.
Begin MonoManager ReloadAssembly
Native extension for WindowsStandalone target not found
Native extension for Android target not found
Native extension for WebGL target not found
Refreshing native plugins compatible for Editor in 0.63 ms, found 3 plugins.
Preloading 0 native plugins for Editor in 0.00 ms.
Mono: successfully reloaded assembly
- Completed reload, in  1.115 seconds
Domain Reload Profiling:
	ReloadAssembly (1116ms)
		BeginReloadAssembly (137ms)
			ExecutionOrderSort (0ms)
			DisableScriptedObjects (7ms)
			BackupInstance (0ms)
			ReleaseScriptingObjects (0ms)
			CreateAndSetChildDomain (31ms)
		EndReloadAssembly (858ms)
			LoadAssemblies (110ms)
			RebuildTransferFunctionScriptingTraits (0ms)
			SetupTypeCache (267ms)
			ReleaseScriptCaches (1ms)
			RebuildScriptCaches (55ms)
			SetupLoadedEditorAssemblies (393ms)
				LogAssemblyErrors (0ms)
				InitializePlatformSupportModulesInManaged (20ms)
				SetLoadedEditorAssemblies (0ms)
				RefreshPlugins (1ms)
				BeforeProcessingInitializeOnLoad (59ms)
				ProcessInitializeOnLoadAttributes (275ms)
				ProcessInitializeOnLoadMethodAttributes (34ms)
				AfterProcessingInitializeOnLoad (3ms)
				EditorAssembliesLoaded (0ms)
			ExecutionOrderSort2 (0ms)
			AwakeInstancesAfterBackupRestoration (8ms)
Platform modules already initialized, skipping
Refreshing native plugins compatible for Editor in 2.26 ms, found 3 plugins.
Preloading 0 native plugins for Editor in 0.00 ms.
Unloading 3754 Unused Serialized files (Serialized files now loaded: 0)
Unloading 21 unused Assets / (24.8 KB). Loaded Objects now: 4272.
Memory consumption went from 153.1 MB to 153.1 MB.
Total: 3.051000 ms (FindLiveObjects: 0.230500 ms CreateObjectMapping: 0.188800 ms MarkObjects: 2.610300 ms  DeleteObjects: 0.020700 ms)

AssetImportParameters requested are different than current active one (requested -> active):
  custom:video-decoder-ogg-theora: a1e56fd34408186e4bbccfd4996cb3dc -> 
  custom:container-muxer-webm: aa71ff27fc2769a1b78a27578f13a17b -> 
  custom:container-demuxer-webm: 4f35f7cbe854078d1ac9338744f61a02 -> 
  custom:video-encoder-webm-vp8: eb34c28f22e8b96e1ab97ce403110664 -> 
  custom:audio-encoder-webm-vorbis: bf7c407c2cedff20999df2af8eb42d56 -> 
  custom:framework-win-MediaFoundation: 216162199b28c13a410421893ffa2e32 -> 
  custom:container-demuxer-ogg: 62fdf1f143b41e24485cea50d1cbac27 -> 
  custom:video-decoder-webm-vp8: 9c59270c3fd7afecdb556c50c9e8de78 -> 
  custom:audio-decoder-ogg-vorbis: bf7c407c2cedff20999df2af8eb42d56 -> 
========================================================================
Received Import Request.
  Time since last request: 241.343247 seconds.
  path: Assets/Scripts/BT-GUI/GUI/BT-Editor/BehaviourTreeEditor.cs
  artifactKey: Guid(9bb4cc31f0b1aad4ebe54adecbc46fee) Importer(815301076,1909f56bfc062723c751e8b465ee728b)
Start importing Assets/Scripts/BT-GUI/GUI/BT-Editor/BehaviourTreeEditor.cs using Guid(9bb4cc31f0b1aad4ebe54adecbc46fee) Importer(815301076,1909f56bfc062723c751e8b465ee728b)  -> (artifact id: 'f25e53365788913a32853f9e1fb22708') in 0.006245 seconds 
========================================================================
Received Prepare
Registering precompiled user dll's ...
Registered in 0.005822 seconds.
Begin MonoManager ReloadAssembly
Native extension for WindowsStandalone target not found
Native extension for Android target not found
Native extension for WebGL target not found
Refreshing native plugins compatible for Editor in 0.67 ms, found 3 plugins.
Preloading 0 native plugins for Editor in 0.00 ms.
Mono: successfully reloaded assembly
- Completed reload, in  1.121 seconds
Domain Reload Profiling:
	ReloadAssembly (1121ms)
		BeginReloadAssembly (156ms)
			ExecutionOrderSort (0ms)
			DisableScriptedObjects (8ms)
			BackupInstance (0ms)
			ReleaseScriptingObjects (0ms)
			CreateAndSetChildDomain (35ms)
		EndReloadAssembly (875ms)
			LoadAssemblies (117ms)
			RebuildTransferFunctionScriptingTraits (0ms)
			SetupTypeCache (223ms)
			ReleaseScriptCaches (1ms)
			RebuildScriptCaches (68ms)
			SetupLoadedEditorAssemblies (444ms)
				LogAssemblyErrors (0ms)
				InitializePlatformSupportModulesInManaged (21ms)
				SetLoadedEditorAssemblies (1ms)
				RefreshPlugins (1ms)
				BeforeProcessingInitializeOnLoad (64ms)
				ProcessInitializeOnLoadAttributes (309ms)
				ProcessInitializeOnLoadMethodAttributes (44ms)
				AfterProcessingInitializeOnLoad (3ms)
				EditorAssembliesLoaded (0ms)
			ExecutionOrderSort2 (0ms)
			AwakeInstancesAfterBackupRestoration (12ms)
Platform modules already initialized, skipping
Refreshing native plugins compatible for Editor in 1.97 ms, found 3 plugins.
Preloading 0 native plugins for Editor in 0.00 ms.
Unloading 3754 Unused Serialized files (Serialized files now loaded: 0)
Unloading 21 unused Assets / (24.7 KB). Loaded Objects now: 4275.
Memory consumption went from 153.2 MB to 153.1 MB.
Total: 3.633500 ms (FindLiveObjects: 0.263100 ms CreateObjectMapping: 0.210900 ms MarkObjects: 3.132100 ms  DeleteObjects: 0.026300 ms)

AssetImportParameters requested are different than current active one (requested -> active):
  custom:video-decoder-ogg-theora: a1e56fd34408186e4bbccfd4996cb3dc -> 
  custom:container-muxer-webm: aa71ff27fc2769a1b78a27578f13a17b -> 
  custom:container-demuxer-webm: 4f35f7cbe854078d1ac9338744f61a02 -> 
  custom:video-encoder-webm-vp8: eb34c28f22e8b96e1ab97ce403110664 -> 
  custom:audio-encoder-webm-vorbis: bf7c407c2cedff20999df2af8eb42d56 -> 
  custom:framework-win-MediaFoundation: 216162199b28c13a410421893ffa2e32 -> 
  custom:container-demuxer-ogg: 62fdf1f143b41e24485cea50d1cbac27 -> 
  custom:video-decoder-webm-vp8: 9c59270c3fd7afecdb556c50c9e8de78 -> 
  custom:audio-decoder-ogg-vorbis: bf7c407c2cedff20999df2af8eb42d56 -> 
========================================================================
Received Import Request.
  Time since last request: 244.622523 seconds.
  path: Assets/Scripts/BT-GUI/GUI/BT-Editor/BehaviourTreeEditor.uss
  artifactKey: Guid(df0899d1d74894245b31ab7f7c3b4759) Importer(815301076,1909f56bfc062723c751e8b465ee728b)
Start importing Assets/Scripts/BT-GUI/GUI/BT-Editor/BehaviourTreeEditor.uss using Guid(df0899d1d74894245b31ab7f7c3b4759) Importer(815301076,1909f56bfc062723c751e8b465ee728b)  -> (artifact id: 'f3b2f68e4862ad851aafaa2645ab7028') in 0.027162 seconds 
========================================================================
Received Import Request.
  Time since last request: 0.238601 seconds.
  path: Assets/Scripts/BT-GUI/GUI/BT-Editor/BehaviourTreeEditor.uxml
  artifactKey: Guid(beef3a14d380e7e44b511bf6ad7cc8a3) Importer(815301076,1909f56bfc062723c751e8b465ee728b)
Start importing Assets/Scripts/BT-GUI/GUI/BT-Editor/BehaviourTreeEditor.uxml using Guid(beef3a14d380e7e44b511bf6ad7cc8a3) Importer(815301076,1909f56bfc062723c751e8b465ee728b)  -> (artifact id: '1265e236690717037c9206aa6590a6ca') in 0.005120 seconds 
========================================================================
Received Import Request.
  Time since last request: 68.384457 seconds.
  path: Assets/Scripts/BT-GUI/GUI/BT-Editor/BehaviourTreeEditor.uxml
  artifactKey: Guid(beef3a14d380e7e44b511bf6ad7cc8a3) Importer(815301076,1909f56bfc062723c751e8b465ee728b)
Start importing Assets/Scripts/BT-GUI/GUI/BT-Editor/BehaviourTreeEditor.uxml using Guid(beef3a14d380e7e44b511bf6ad7cc8a3) Importer(815301076,1909f56bfc062723c751e8b465ee728b)  -> (artifact id: '392415efaab76aa8d96d382281c668ea') in 0.003160 seconds 
========================================================================
Received Import Request.
  Time since last request: 22.724956 seconds.
  path: Assets/Scripts/BT-GUI/GUI/BT-Editor/BehaviourTreeEditor.uss
  artifactKey: Guid(df0899d1d74894245b31ab7f7c3b4759) Importer(815301076,1909f56bfc062723c751e8b465ee728b)
Start importing Assets/Scripts/BT-GUI/GUI/BT-Editor/BehaviourTreeEditor.uss using Guid(df0899d1d74894245b31ab7f7c3b4759) Importer(815301076,1909f56bfc062723c751e8b465ee728b)  -> (artifact id: 'e0c91c64a79e9d4f0a9ac54b76e3fb67') in 0.002173 seconds 
========================================================================
Received Import Request.
  Time since last request: 0.000017 seconds.
  path: Assets/Scripts/BT-GUI/GUI/BT-Editor/BehaviourTreeEditor.uxml
  artifactKey: Guid(beef3a14d380e7e44b511bf6ad7cc8a3) Importer(815301076,1909f56bfc062723c751e8b465ee728b)
Start importing Assets/Scripts/BT-GUI/GUI/BT-Editor/BehaviourTreeEditor.uxml using Guid(beef3a14d380e7e44b511bf6ad7cc8a3) Importer(815301076,1909f56bfc062723c751e8b465ee728b)  -> (artifact id: 'f969b8cc6c62bb787f64fe4165c08266') in 0.003047 seconds 
========================================================================
Received Prepare
Registering precompiled user dll's ...
Registered in 0.005978 seconds.
Begin MonoManager ReloadAssembly
Native extension for WindowsStandalone target not found
Native extension for Android target not found
Native extension for WebGL target not found
Refreshing native plugins compatible for Editor in 0.70 ms, found 3 plugins.
Preloading 0 native plugins for Editor in 0.00 ms.
Mono: successfully reloaded assembly
- Completed reload, in  3.173 seconds
Domain Reload Profiling:
	ReloadAssembly (3174ms)
		BeginReloadAssembly (385ms)
			ExecutionOrderSort (0ms)
			DisableScriptedObjects (8ms)
			BackupInstance (0ms)
			ReleaseScriptingObjects (0ms)
			CreateAndSetChildDomain (54ms)
		EndReloadAssembly (2635ms)
			LoadAssemblies (505ms)
			RebuildTransferFunctionScriptingTraits (0ms)
			SetupTypeCache (741ms)
			ReleaseScriptCaches (7ms)
			RebuildScriptCaches (446ms)
			SetupLoadedEditorAssemblies (918ms)
				LogAssemblyErrors (0ms)
				InitializePlatformSupportModulesInManaged (58ms)
				SetLoadedEditorAssemblies (1ms)
				RefreshPlugins (1ms)
				BeforeProcessingInitializeOnLoad (94ms)
				ProcessInitializeOnLoadAttributes (686ms)
				ProcessInitializeOnLoadMethodAttributes (71ms)
				AfterProcessingInitializeOnLoad (4ms)
				EditorAssembliesLoaded (4ms)
			ExecutionOrderSort2 (0ms)
			AwakeInstancesAfterBackupRestoration (21ms)
Platform modules already initialized, skipping
Refreshing native plugins compatible for Editor in 1.98 ms, found 3 plugins.
Preloading 0 native plugins for Editor in 0.00 ms.
Unloading 3754 Unused Serialized files (Serialized files now loaded: 0)
Unloading 21 unused Assets / (24.6 KB). Loaded Objects now: 4278.
Memory consumption went from 153.2 MB to 153.1 MB.
Total: 2.628000 ms (FindLiveObjects: 0.227600 ms CreateObjectMapping: 0.138600 ms MarkObjects: 2.241600 ms  DeleteObjects: 0.019500 ms)

AssetImportParameters requested are different than current active one (requested -> active):
  custom:video-decoder-ogg-theora: a1e56fd34408186e4bbccfd4996cb3dc -> 
  custom:container-muxer-webm: aa71ff27fc2769a1b78a27578f13a17b -> 
  custom:container-demuxer-webm: 4f35f7cbe854078d1ac9338744f61a02 -> 
  custom:video-encoder-webm-vp8: eb34c28f22e8b96e1ab97ce403110664 -> 
  custom:audio-encoder-webm-vorbis: bf7c407c2cedff20999df2af8eb42d56 -> 
  custom:framework-win-MediaFoundation: 216162199b28c13a410421893ffa2e32 -> 
  custom:container-demuxer-ogg: 62fdf1f143b41e24485cea50d1cbac27 -> 
  custom:video-decoder-webm-vp8: 9c59270c3fd7afecdb556c50c9e8de78 -> 
  custom:audio-decoder-ogg-vorbis: bf7c407c2cedff20999df2af8eb42d56 -> 
========================================================================
Received Prepare
Registering precompiled user dll's ...
Registered in 0.006323 seconds.
Begin MonoManager ReloadAssembly
Native extension for WindowsStandalone target not found
Native extension for Android target not found
Native extension for WebGL target not found
Refreshing native plugins compatible for Editor in 0.63 ms, found 3 plugins.
Preloading 0 native plugins for Editor in 0.00 ms.
Mono: successfully reloaded assembly
- Completed reload, in  1.017 seconds
Domain Reload Profiling:
	ReloadAssembly (1017ms)
		BeginReloadAssembly (139ms)
			ExecutionOrderSort (0ms)
			DisableScriptedObjects (7ms)
			BackupInstance (0ms)
			ReleaseScriptingObjects (0ms)
			CreateAndSetChildDomain (32ms)
		EndReloadAssembly (792ms)
			LoadAssemblies (106ms)
			RebuildTransferFunctionScriptingTraits (0ms)
			SetupTypeCache (216ms)
			ReleaseScriptCaches (1ms)
			RebuildScriptCaches (49ms)
			SetupLoadedEditorAssemblies (393ms)
				LogAssemblyErrors (0ms)
				InitializePlatformSupportModulesInManaged (20ms)
				SetLoadedEditorAssemblies (0ms)
				RefreshPlugins (1ms)
				BeforeProcessingInitializeOnLoad (58ms)
				ProcessInitializeOnLoadAttributes (274ms)
				ProcessInitializeOnLoadMethodAttributes (37ms)
				AfterProcessingInitializeOnLoad (3ms)
				EditorAssembliesLoaded (0ms)
			ExecutionOrderSort2 (0ms)
			AwakeInstancesAfterBackupRestoration (8ms)
Platform modules already initialized, skipping
Refreshing native plugins compatible for Editor in 1.93 ms, found 3 plugins.
Preloading 0 native plugins for Editor in 0.00 ms.
Unloading 3754 Unused Serialized files (Serialized files now loaded: 0)
Unloading 21 unused Assets / (24.8 KB). Loaded Objects now: 4281.
Memory consumption went from 153.2 MB to 153.1 MB.
Total: 3.266000 ms (FindLiveObjects: 0.236500 ms CreateObjectMapping: 0.155100 ms MarkObjects: 2.850300 ms  DeleteObjects: 0.023000 ms)

AssetImportParameters requested are different than current active one (requested -> active):
  custom:video-decoder-ogg-theora: a1e56fd34408186e4bbccfd4996cb3dc -> 
  custom:container-muxer-webm: aa71ff27fc2769a1b78a27578f13a17b -> 
  custom:container-demuxer-webm: 4f35f7cbe854078d1ac9338744f61a02 -> 
  custom:video-encoder-webm-vp8: eb34c28f22e8b96e1ab97ce403110664 -> 
  custom:audio-encoder-webm-vorbis: bf7c407c2cedff20999df2af8eb42d56 -> 
  custom:framework-win-MediaFoundation: 216162199b28c13a410421893ffa2e32 -> 
  custom:container-demuxer-ogg: 62fdf1f143b41e24485cea50d1cbac27 -> 
  custom:video-decoder-webm-vp8: 9c59270c3fd7afecdb556c50c9e8de78 -> 
  custom:audio-decoder-ogg-vorbis: bf7c407c2cedff20999df2af8eb42d56 -> 
========================================================================
Received Prepare
Registering precompiled user dll's ...
Registered in 0.006007 seconds.
Begin MonoManager ReloadAssembly
Native extension for WindowsStandalone target not found
Native extension for Android target not found
Native extension for WebGL target not found
Refreshing native plugins compatible for Editor in 0.72 ms, found 3 plugins.
Preloading 0 native plugins for Editor in 0.00 ms.
Mono: successfully reloaded assembly
- Completed reload, in  1.090 seconds
Domain Reload Profiling:
	ReloadAssembly (1090ms)
		BeginReloadAssembly (146ms)
			ExecutionOrderSort (0ms)
			DisableScriptedObjects (9ms)
			BackupInstance (0ms)
			ReleaseScriptingObjects (0ms)
			CreateAndSetChildDomain (36ms)
		EndReloadAssembly (853ms)
			LoadAssemblies (106ms)
			RebuildTransferFunctionScriptingTraits (0ms)
			SetupTypeCache (226ms)
			ReleaseScriptCaches (1ms)
			RebuildScriptCaches (49ms)
			SetupLoadedEditorAssemblies (418ms)
				LogAssemblyErrors (0ms)
				InitializePlatformSupportModulesInManaged (28ms)
				SetLoadedEditorAssemblies (1ms)
				RefreshPlugins (1ms)
				BeforeProcessingInitializeOnLoad (65ms)
				ProcessInitializeOnLoadAttributes (288ms)
				ProcessInitializeOnLoadMethodAttributes (33ms)
				AfterProcessingInitializeOnLoad (3ms)
				EditorAssembliesLoaded (0ms)
			ExecutionOrderSort2 (0ms)
			AwakeInstancesAfterBackupRestoration (8ms)
Platform modules already initialized, skipping
Refreshing native plugins compatible for Editor in 2.18 ms, found 3 plugins.
Preloading 0 native plugins for Editor in 0.00 ms.
Unloading 3754 Unused Serialized files (Serialized files now loaded: 0)
Unloading 21 unused Assets / (24.7 KB). Loaded Objects now: 4284.
Memory consumption went from 153.2 MB to 153.2 MB.
Total: 3.395600 ms (FindLiveObjects: 0.229200 ms CreateObjectMapping: 0.229400 ms MarkObjects: 2.915200 ms  DeleteObjects: 0.021000 ms)

AssetImportParameters requested are different than current active one (requested -> active):
  custom:video-decoder-ogg-theora: a1e56fd34408186e4bbccfd4996cb3dc -> 
  custom:container-muxer-webm: aa71ff27fc2769a1b78a27578f13a17b -> 
  custom:container-demuxer-webm: 4f35f7cbe854078d1ac9338744f61a02 -> 
  custom:video-encoder-webm-vp8: eb34c28f22e8b96e1ab97ce403110664 -> 
  custom:audio-encoder-webm-vorbis: bf7c407c2cedff20999df2af8eb42d56 -> 
  custom:framework-win-MediaFoundation: 216162199b28c13a410421893ffa2e32 -> 
  custom:container-demuxer-ogg: 62fdf1f143b41e24485cea50d1cbac27 -> 
  custom:video-decoder-webm-vp8: 9c59270c3fd7afecdb556c50c9e8de78 -> 
  custom:audio-decoder-ogg-vorbis: bf7c407c2cedff20999df2af8eb42d56 -> 
========================================================================
Received Import Request.
  Time since last request: 385.357037 seconds.
  path: Assets/Scripts/BT-GUI/GUI/BT-Editor/BehaviourTreeEditor.uxml
  artifactKey: Guid(beef3a14d380e7e44b511bf6ad7cc8a3) Importer(815301076,1909f56bfc062723c751e8b465ee728b)
Start importing Assets/Scripts/BT-GUI/GUI/BT-Editor/BehaviourTreeEditor.uxml using Guid(beef3a14d380e7e44b511bf6ad7cc8a3) Importer(815301076,1909f56bfc062723c751e8b465ee728b)  -> (artifact id: 'b06b442bc6e8f9819bfc7626ef1c43ab') in 0.025622 seconds 
========================================================================
Received Import Request.
  Time since last request: 50.854321 seconds.
  path: Assets/Scripts/BT-GUI/GUI/BT-Editor/BehaviourTreeEditor.uxml
  artifactKey: Guid(beef3a14d380e7e44b511bf6ad7cc8a3) Importer(815301076,1909f56bfc062723c751e8b465ee728b)
Start importing Assets/Scripts/BT-GUI/GUI/BT-Editor/BehaviourTreeEditor.uxml using Guid(beef3a14d380e7e44b511bf6ad7cc8a3) Importer(815301076,1909f56bfc062723c751e8b465ee728b)  -> (artifact id: '26fb57f1e4d1bccb55bcf22d28f39a73') in 0.040337 seconds 
========================================================================
Received Import Request.
  Time since last request: 16.485589 seconds.
  path: Assets/Scripts/BT-GUI/GUI/BT-Editor/BehaviourTreeEditor.uxml
  artifactKey: Guid(beef3a14d380e7e44b511bf6ad7cc8a3) Importer(815301076,1909f56bfc062723c751e8b465ee728b)
Start importing Assets/Scripts/BT-GUI/GUI/BT-Editor/BehaviourTreeEditor.uxml using Guid(beef3a14d380e7e44b511bf6ad7cc8a3) Importer(815301076,1909f56bfc062723c751e8b465ee728b)  -> (artifact id: '9695c33c7e6af70a8a194cf9e3071ee7') in 0.002628 seconds 
========================================================================
Received Import Request.
  Time since last request: 72.636342 seconds.
  path: Assets/Scripts/BT-GUI/GUI/BT-Editor/BehaviourTreeEditor.uxml
  artifactKey: Guid(beef3a14d380e7e44b511bf6ad7cc8a3) Importer(815301076,1909f56bfc062723c751e8b465ee728b)
Start importing Assets/Scripts/BT-GUI/GUI/BT-Editor/BehaviourTreeEditor.uxml using Guid(beef3a14d380e7e44b511bf6ad7cc8a3) Importer(815301076,1909f56bfc062723c751e8b465ee728b)  -> (artifact id: '981dc6d5c16b3e757080ecb8f4567401') in 0.002728 seconds 
========================================================================
Received Import Request.
  Time since last request: 70.130991 seconds.
  path: Assets/Scripts/BT-GUI/GUI/BT-Editor/BehaviourTreeEditor.uxml
  artifactKey: Guid(beef3a14d380e7e44b511bf6ad7cc8a3) Importer(815301076,1909f56bfc062723c751e8b465ee728b)
Start importing Assets/Scripts/BT-GUI/GUI/BT-Editor/BehaviourTreeEditor.uxml using Guid(beef3a14d380e7e44b511bf6ad7cc8a3) Importer(815301076,1909f56bfc062723c751e8b465ee728b)  -> (artifact id: '7a56d7e22c58800f35f83f1519b950d8') in 0.002861 seconds 
========================================================================
Received Import Request.
  Time since last request: 84.350285 seconds.
  path: Assets/Scripts/BT-GUI/GUI/BT-Editor/BehaviourTreeEditor.uxml
  artifactKey: Guid(beef3a14d380e7e44b511bf6ad7cc8a3) Importer(815301076,1909f56bfc062723c751e8b465ee728b)
Start importing Assets/Scripts/BT-GUI/GUI/BT-Editor/BehaviourTreeEditor.uxml using Guid(beef3a14d380e7e44b511bf6ad7cc8a3) Importer(815301076,1909f56bfc062723c751e8b465ee728b)  -> (artifact id: '75af6b67f5ca5083ffea24af8b933c27') in 0.002919 seconds 
========================================================================
Received Import Request.
  Time since last request: 46.458497 seconds.
  path: Assets/Scripts/BT-GUI/GUI/BT-Editor/BehaviourTreeEditor.uxml
  artifactKey: Guid(beef3a14d380e7e44b511bf6ad7cc8a3) Importer(815301076,1909f56bfc062723c751e8b465ee728b)
Start importing Assets/Scripts/BT-GUI/GUI/BT-Editor/BehaviourTreeEditor.uxml using Guid(beef3a14d380e7e44b511bf6ad7cc8a3) Importer(815301076,1909f56bfc062723c751e8b465ee728b)  -> (artifact id: '3583dceda4a9264cf6a1db96322a1eca') in 0.002838 seconds 
